2023-11-01 23:43:49,952 testing start up: STARTING
2023-11-01 23:46:43,014 testing start up: STARTING
2023-11-01 23:58:15,314 testing start up: STARTING
2023-11-02 00:03:04,814 testing start up: STARTING
2023-11-02 00:05:57,511 start up: STARTING
2023-11-02 00:05:58,689 Sensor_data(t,p,h): {sensor_date.temperature}, {sensor_data.pressure}, {sensor_data.humidity} 	loop_iteration: {iteration_count} 	stick_event: {stick_data}
2023-11-02 00:05:59,707 Sensor_data(t,p,h): {sensor_date.temperature}, {sensor_data.pressure}, {sensor_data.humidity} 	loop_iteration: {iteration_count} 	stick_event: {stick_data}
2023-11-02 00:06:00,724 Sensor_data(t,p,h): {sensor_date.temperature}, {sensor_data.pressure}, {sensor_data.humidity} 	loop_iteration: {iteration_count} 	stick_event: {stick_data}
2023-11-02 00:06:01,745 Sensor_data(t,p,h): {sensor_date.temperature}, {sensor_data.pressure}, {sensor_data.humidity} 	loop_iteration: {iteration_count} 	stick_event: {stick_data}
2023-11-02 00:06:02,763 Sensor_data(t,p,h): {sensor_date.temperature}, {sensor_data.pressure}, {sensor_data.humidity} 	loop_iteration: {iteration_count} 	stick_event: {stick_data}
2023-11-02 00:06:03,783 Sensor_data(t,p,h): {sensor_date.temperature}, {sensor_data.pressure}, {sensor_data.humidity} 	loop_iteration: {iteration_count} 	stick_event: {stick_data}
2023-11-02 00:10:49,072 start up: STARTING
2023-11-02 00:10:50,229 Sensor_data(t,p,h): {sensor_date.temperature}, {sensor_data.pressure}, {sensor_data.humidity} 	loop_iteration: {iteration_count} 	stick_event: {stick_data}
2023-11-02 00:10:51,246 Sensor_data(t,p,h): {sensor_date.temperature}, {sensor_data.pressure}, {sensor_data.humidity} 	loop_iteration: {iteration_count} 	stick_event: {stick_data}
2023-11-02 00:10:52,263 Sensor_data(t,p,h): {sensor_date.temperature}, {sensor_data.pressure}, {sensor_data.humidity} 	loop_iteration: {iteration_count} 	stick_event: {stick_data}
2023-11-02 00:10:53,300 Sensor_data(t,p,h): {sensor_date.temperature}, {sensor_data.pressure}, {sensor_data.humidity} 	loop_iteration: {iteration_count} 	stick_event: {stick_data}
2023-11-02 00:10:54,318 Sensor_data(t,p,h): {sensor_date.temperature}, {sensor_data.pressure}, {sensor_data.humidity} 	loop_iteration: {iteration_count} 	stick_event: {stick_data}
2023-11-02 00:11:04,391 Sensor_data(t,p,h): {sensor_date.temperature}, {sensor_data.pressure}, {sensor_data.humidity} 	loop_iteration: {iteration_count} 	stick_event: {stick_data}
2023-11-02 00:11:05,409 Sensor_data(t,p,h): {sensor_date.temperature}, {sensor_data.pressure}, {sensor_data.humidity} 	loop_iteration: {iteration_count} 	stick_event: {stick_data}
2023-11-02 00:11:06,427 Sensor_data(t,p,h): {sensor_date.temperature}, {sensor_data.pressure}, {sensor_data.humidity} 	loop_iteration: {iteration_count} 	stick_event: {stick_data}
2023-11-02 00:11:07,444 Sensor_data(t,p,h): {sensor_date.temperature}, {sensor_data.pressure}, {sensor_data.humidity} 	loop_iteration: {iteration_count} 	stick_event: {stick_data}
2023-11-02 00:11:08,462 Sensor_data(t,p,h): {sensor_date.temperature}, {sensor_data.pressure}, {sensor_data.humidity} 	loop_iteration: {iteration_count} 	stick_event: {stick_data}
2023-11-02 00:12:49,311 start up: STARTING
2023-11-02 00:12:50,482 Sensor_data(t,p,h): 23.139213012695315, 965.3671875, 27.435762405395508 	loop_iteration: 0 	stick_event: list index out of range
2023-11-02 00:12:51,499 Sensor_data(t,p,h): 23.435401367187502, 965.3310546875, 27.560277938842773 	loop_iteration: 1 	stick_event: list index out of range
2023-11-02 00:13:01,360 Sensor_data(t,p,h): 23.139213012695315, 965.325439453125, 27.364166259765625 	loop_iteration: 2 	stick_event: list index out of range
2023-11-02 00:13:02,397 Sensor_data(t,p,h): 23.194747375488284, 965.33154296875, 25.85442352294922 	loop_iteration: 3 	stick_event: list index out of range
2023-11-02 00:13:03,414 Sensor_data(t,p,h): 23.26879446411133, 965.359375, 27.52292251586914 	loop_iteration: 4 	stick_event: list index out of range
2023-11-02 00:13:04,431 Sensor_data(t,p,h): 23.416888641357424, 965.33984375, 27.49490737915039 	loop_iteration: 5 	stick_event: list index out of range
2023-11-02 00:14:49,435 start up: STARTING
2023-11-02 00:14:50,601 Sensor_data(t,p,h): 25.913118835449218, 965.24951171875, 27.093345642089844 	loop_iteration: 0 	stick_event: []
2023-11-02 00:14:51,618 Sensor_data(t,p,h): 25.85758447265625, 965.2529296875, 27.090232849121094 	loop_iteration: 1 	stick_event: []
2023-11-02 00:14:52,634 Sensor_data(t,p,h): 26.005678649902343, 965.209228515625, 26.757156372070312 	loop_iteration: 2 	stick_event: []
2023-11-02 00:14:53,655 Sensor_data(t,p,h): 25.80205010986328, 965.199951171875, 26.99684715270996 	loop_iteration: 3 	stick_event: []
2023-11-02 00:15:03,626 Sensor_data(t,p,h): 25.783537384033202, 965.219482421875, 27.096458435058594 	loop_iteration: 4 	stick_event: [InputEvent(timestamp=1698884094.015553, direction='up', action='pressed'), InputEvent(timestamp=1698884094.174966, direction='up', action='released')]
2023-11-02 00:15:04,644 Sensor_data(t,p,h): 25.83907174682617, 965.193359375, 26.99684715270996 	loop_iteration: 5 	stick_event: []
2023-11-02 00:15:05,662 Sensor_data(t,p,h): 25.83907174682617, 965.221923828125, 26.95638084411621 	loop_iteration: 6 	stick_event: []
2023-11-02 00:15:06,679 Sensor_data(t,p,h): 25.80205010986328, 965.2041015625, 27.155603408813477 	loop_iteration: 7 	stick_event: []
2023-11-02 00:15:07,695 Sensor_data(t,p,h): 25.728003021240234, 965.19482421875, 26.915912628173828 	loop_iteration: 8 	stick_event: []
2023-11-02 00:16:07,468 start up: STARTING
2023-11-02 00:16:08,649 Sensor_data(t,p,h): 26.85579302978516, 965.125732421875, 26.17193603515625 	loop_iteration: 0 	stick_event: list index out of range
2023-11-02 00:16:09,671 Sensor_data(t,p,h): 26.818767578125005, 965.121826171875, 26.872333526611328 	loop_iteration: 1 	stick_event: list index out of range
2023-11-02 00:16:10,689 Sensor_data(t,p,h): 26.929836303710943, 965.140380859375, 26.925251007080078 	loop_iteration: 2 	stick_event: list index out of range
2023-11-02 00:16:11,706 Sensor_data(t,p,h): 26.85579302978516, 965.11669921875, 26.884784698486328 	loop_iteration: 3 	stick_event: list index out of range
2023-11-02 00:16:21,820 Sensor_data(t,p,h): 26.85579302978516, 965.125244140625, 26.853654861450195 	loop_iteration: 4 	stick_event: [InputEvent(timestamp=1698884172.081215, direction='up', action='pressed'), InputEvent(timestamp=1698884172.211631, direction='up', action='released')]
2023-11-02 00:16:22,842 Sensor_data(t,p,h): 26.9668617553711, 965.118896484375, 26.934589385986328 	loop_iteration: 5 	stick_event: list index out of range
2023-11-02 00:16:23,859 Sensor_data(t,p,h): 26.94834902954102, 965.114990234375, 26.68556022644043 	loop_iteration: 6 	stick_event: list index out of range
2023-11-02 00:16:24,876 Sensor_data(t,p,h): 26.91132739257813, 965.110107421875, 26.806962966918945 	loop_iteration: 7 	stick_event: list index out of range
2023-11-02 00:16:25,892 Sensor_data(t,p,h): 26.874301940917974, 965.123291015625, 26.900348663330078 	loop_iteration: 8 	stick_event: list index out of range
2023-11-02 00:17:59,380 start up: STARTING
2023-11-02 00:18:00,550 Sensor_data(t,p,h): 20.019280303955078, 965.110595703125, 26.545480728149414 	loop_iteration: 0 	stick_event: list index out of range
2023-11-02 00:18:15,397 Sensor_data(t,p,h): 20.019280303955078, 965.13818359375, 27.099573135375977 	loop_iteration: 1 	stick_event: [InputEvent(timestamp=1698884281.362113, direction='down', action='pressed'), InputEvent(timestamp=1698884281.536253, direction='down', action='released')]
2023-11-02 00:18:16,421 Sensor_data(t,p,h): 20.167374481201172, 965.1220703125, 26.68556022644043 	loop_iteration: 2 	stick_event: list index out of range
2023-11-02 00:18:17,445 Sensor_data(t,p,h): 20.093327392578125, 965.1298828125, 26.49567413330078 	loop_iteration: 3 	stick_event: list index out of range
2023-11-02 00:18:18,463 Sensor_data(t,p,h): 20.148861755371094, 965.15087890625, 26.732254028320312 	loop_iteration: 4 	stick_event: list index out of range
2023-11-02 00:18:19,480 Sensor_data(t,p,h): 20.22290884399414, 965.130859375, 26.498788833618164 	loop_iteration: 5 	stick_event: list index out of range
2023-11-02 00:18:20,498 Sensor_data(t,p,h): 20.185883392333984, 965.096923828125, 26.754043579101562 	loop_iteration: 6 	stick_event: list index out of range
2023-11-02 00:18:21,514 Sensor_data(t,p,h): 20.185883392333984, 965.1376953125, 26.738479614257812 	loop_iteration: 7 	stick_event: list index out of range
2023-11-02 00:18:22,534 Sensor_data(t,p,h): 20.019280303955078, 965.17822265625, 27.105798721313477 	loop_iteration: 8 	stick_event: list index out of range
2023-11-02 00:18:23,552 Sensor_data(t,p,h): 20.111836303710938, 965.1552734375, 26.66999626159668 	loop_iteration: 9 	stick_event: list index out of range
2023-11-02 00:18:24,570 Sensor_data(t,p,h): 20.093327392578125, 965.181884765625, 25.9384708404541 	loop_iteration: 10 	stick_event: list index out of range
2023-11-02 00:18:25,587 Sensor_data(t,p,h): 20.130349029541016, 965.17041015625, 26.529916763305664 	loop_iteration: 11 	stick_event: list index out of range
2023-11-02 00:18:26,604 Sensor_data(t,p,h): 20.093327392578125, 965.136474609375, 26.542367935180664 	loop_iteration: 12 	stick_event: list index out of range
2023-11-02 00:18:27,624 Sensor_data(t,p,h): 20.204396118164063, 965.14599609375, 26.607738494873047 	loop_iteration: 13 	stick_event: list index out of range
2023-11-02 00:18:28,644 Sensor_data(t,p,h): 20.130349029541016, 965.140869140625, 26.49256134033203 	loop_iteration: 14 	stick_event: list index out of range
2023-11-02 00:18:29,665 Sensor_data(t,p,h): 20.074814666748047, 965.149169921875, 26.511240005493164 	loop_iteration: 15 	stick_event: list index out of range
2023-11-02 00:18:30,682 Sensor_data(t,p,h): 20.130349029541016, 965.1669921875, 26.43653106689453 	loop_iteration: 16 	stick_event: list index out of range
2023-11-02 00:18:31,700 Sensor_data(t,p,h): 20.074814666748047, 965.154052734375, 26.97194480895996 	loop_iteration: 17 	stick_event: list index out of range
2023-11-02 00:18:32,717 Sensor_data(t,p,h): 20.019280303955078, 965.16357421875, 26.620189666748047 	loop_iteration: 18 	stick_event: list index out of range
2023-11-02 00:18:33,736 Sensor_data(t,p,h): 20.019280303955078, 965.18896484375, 26.529916763305664 	loop_iteration: 19 	stick_event: list index out of range
2023-11-02 00:18:34,762 Sensor_data(t,p,h): 20.27844320678711, 965.183349609375, 26.729141235351562 	loop_iteration: 20 	stick_event: list index out of range
2023-11-02 00:18:35,780 Sensor_data(t,p,h): 20.204396118164063, 965.155029296875, 27.18050765991211 	loop_iteration: 21 	stick_event: list index out of range
2023-11-02 00:18:36,798 Sensor_data(t,p,h): 20.167374481201172, 965.1533203125, 26.747817993164062 	loop_iteration: 22 	stick_event: list index out of range
2023-11-02 00:18:37,819 Sensor_data(t,p,h): 20.24142156982422, 965.130859375, 26.42096710205078 	loop_iteration: 23 	stick_event: list index out of range
2023-11-02 00:18:38,836 Sensor_data(t,p,h): 20.148861755371094, 965.13818359375, 26.638866424560547 	loop_iteration: 24 	stick_event: list index out of range
2023-11-02 00:18:39,852 Sensor_data(t,p,h): 20.204396118164063, 965.14111328125, 26.3493709564209 	loop_iteration: 25 	stick_event: list index out of range
2023-11-02 00:18:40,869 Sensor_data(t,p,h): 20.24142156982422, 965.158203125, 26.71980094909668 	loop_iteration: 26 	stick_event: list index out of range
2023-11-02 00:18:41,887 Sensor_data(t,p,h): 20.22290884399414, 965.16845703125, 26.542367935180664 	loop_iteration: 27 	stick_event: list index out of range
2023-11-02 00:18:42,906 Sensor_data(t,p,h): 20.204396118164063, 965.126708984375, 26.828752517700195 	loop_iteration: 28 	stick_event: list index out of range
2023-11-02 00:18:43,925 Sensor_data(t,p,h): 20.24142156982422, 965.128173828125, 26.610851287841797 	loop_iteration: 29 	stick_event: list index out of range
2023-11-02 00:18:44,944 Sensor_data(t,p,h): 20.111836303710938, 965.1474609375, 26.517465591430664 	loop_iteration: 30 	stick_event: list index out of range
2023-11-02 00:18:45,968 Sensor_data(t,p,h): 20.22290884399414, 965.1318359375, 26.66999626159668 	loop_iteration: 31 	stick_event: list index out of range
2023-11-02 00:18:46,991 Sensor_data(t,p,h): 20.25993048095703, 965.139404296875, 26.567270278930664 	loop_iteration: 32 	stick_event: list index out of range
2023-11-02 00:18:48,013 Sensor_data(t,p,h): 20.27844320678711, 965.122314453125, 26.305789947509766 	loop_iteration: 33 	stick_event: list index out of range
2023-11-02 00:18:49,034 Sensor_data(t,p,h): 20.167374481201172, 965.1455078125, 26.754043579101562 	loop_iteration: 34 	stick_event: list index out of range
2023-11-02 00:18:50,057 Sensor_data(t,p,h): 20.111836303710938, 965.1494140625, 26.819414138793945 	loop_iteration: 35 	stick_event: list index out of range
2023-11-02 00:18:51,075 Sensor_data(t,p,h): 20.22290884399414, 965.14599609375, 26.302677154541016 	loop_iteration: 36 	stick_event: list index out of range
2023-11-02 00:18:52,094 Sensor_data(t,p,h): 20.204396118164063, 965.137451171875, 26.71980094909668 	loop_iteration: 37 	stick_event: list index out of range
2023-11-02 00:18:53,116 Sensor_data(t,p,h): 20.185883392333984, 965.140380859375, 26.45520782470703 	loop_iteration: 38 	stick_event: list index out of range
2023-11-02 00:18:54,136 Sensor_data(t,p,h): 20.371003021240234, 965.141357421875, 25.733020782470703 	loop_iteration: 39 	stick_event: list index out of range
2023-11-02 00:18:55,153 Sensor_data(t,p,h): 20.24142156982422, 965.12646484375, 26.71980094909668 	loop_iteration: 40 	stick_event: list index out of range
2023-11-02 00:18:56,171 Sensor_data(t,p,h): 20.371003021240234, 965.147705078125, 26.66688346862793 	loop_iteration: 41 	stick_event: list index out of range
2023-11-02 00:18:57,201 Sensor_data(t,p,h): 20.204396118164063, 965.137939453125, 26.754043579101562 	loop_iteration: 42 	stick_event: list index out of range
2023-11-02 00:18:58,239 Sensor_data(t,p,h): 20.204396118164063, 965.15380859375, 26.43341827392578 	loop_iteration: 43 	stick_event: list index out of range
2023-11-02 00:18:59,264 Sensor_data(t,p,h): 20.093327392578125, 965.143310546875, 26.564157485961914 	loop_iteration: 44 	stick_event: list index out of range
2023-11-02 00:19:00,296 Sensor_data(t,p,h): 20.111836303710938, 965.163330078125, 26.501901626586914 	loop_iteration: 45 	stick_event: list index out of range
2023-11-02 00:19:01,321 Sensor_data(t,p,h): 20.111836303710938, 965.166748046875, 26.70423698425293 	loop_iteration: 46 	stick_event: list index out of range
2023-11-02 00:19:02,344 Sensor_data(t,p,h): 20.074814666748047, 965.169677734375, 25.810842514038086 	loop_iteration: 47 	stick_event: list index out of range
2023-11-02 00:19:03,363 Sensor_data(t,p,h): 20.204396118164063, 965.159912109375, 26.866106033325195 	loop_iteration: 48 	stick_event: list index out of range
2023-11-02 00:19:04,389 Sensor_data(t,p,h): 20.148861755371094, 965.1630859375, 26.70112419128418 	loop_iteration: 49 	stick_event: list index out of range
2023-11-02 00:19:05,407 Sensor_data(t,p,h): 20.185883392333984, 965.161376953125, 26.508127212524414 	loop_iteration: 50 	stick_event: list index out of range
2023-11-02 00:19:06,432 Sensor_data(t,p,h): 20.167374481201172, 965.177490234375, 26.69489860534668 	loop_iteration: 51 	stick_event: list index out of range
2023-11-02 00:19:07,450 Sensor_data(t,p,h): 20.22290884399414, 965.144287109375, 26.570383071899414 	loop_iteration: 52 	stick_event: list index out of range
2023-11-02 00:19:08,472 Sensor_data(t,p,h): 20.130349029541016, 965.1611328125, 26.722915649414062 	loop_iteration: 53 	stick_event: list index out of range
2023-11-02 00:19:09,492 Sensor_data(t,p,h): 20.111836303710938, 965.15673828125, 26.533029556274414 	loop_iteration: 54 	stick_event: list index out of range
2023-11-02 00:30:18,271 start up: STARTING
2023-11-02 00:30:46,701 start up: STARTING
2023-11-02 00:31:22,956 start up: STARTING
2023-11-02 00:31:24,115 file_iteration: 1 	Sensor_data(t,p,h): 21.719505249023435, 964.948486328125, 25.676990509033203 	loop_iteration: <function iteration_count at 0x7f7be8da80> 	stick_event: list index out of range
2023-11-02 00:32:23,615 start up: STARTING
2023-11-02 00:32:47,717 start up: STARTING
2023-11-02 00:33:25,959 start up: STARTING
2023-11-02 00:33:27,118 file_iteration: 3 	Sensor_data(t,p,h): 26.195065063476562, 964.888427734375, 25.754812240600586 	loop_iteration: 0 	stick_event: list index out of range
2023-11-02 00:33:28,142 file_iteration: 4 	Sensor_data(t,p,h): 26.26911215209961, 964.8876953125, 25.415508270263672 	loop_iteration: 1 	stick_event: list index out of range
2023-11-02 00:33:29,160 file_iteration: 5 	Sensor_data(t,p,h): 26.195065063476562, 964.893310546875, 25.381267547607422 	loop_iteration: 2 	stick_event: list index out of range
2023-11-02 00:33:30,178 file_iteration: 6 	Sensor_data(t,p,h): 26.232086700439453, 964.889404296875, 25.577377319335938 	loop_iteration: 3 	stick_event: list index out of range
2023-11-02 00:33:31,196 file_iteration: 7 	Sensor_data(t,p,h): 26.158039611816406, 964.86767578125, 26.003841400146484 	loop_iteration: 4 	stick_event: list index out of range
2023-11-02 00:33:32,217 file_iteration: 8 	Sensor_data(t,p,h): 26.324646514892578, 964.8681640625, 25.64897346496582 	loop_iteration: 5 	stick_event: list index out of range
2023-11-02 00:33:33,259 file_iteration: 9 	Sensor_data(t,p,h): 26.3061337890625, 964.891845703125, 25.169591903686523 	loop_iteration: 6 	stick_event: list index out of range
2023-11-02 00:33:34,279 file_iteration: 10 	Sensor_data(t,p,h): 26.26911215209961, 964.910400390625, 25.32212257385254 	loop_iteration: 7 	stick_event: list index out of range
2023-11-02 00:33:35,325 file_iteration: 11 	Sensor_data(t,p,h): 26.158039611816406, 964.9150390625, 25.792165756225586 	loop_iteration: 8 	stick_event: list index out of range
2023-11-02 00:33:45,304 file_iteration: 12 	Sensor_data(t,p,h): 26.25059942626953, 964.889404296875, 25.64274787902832 	loop_iteration: 9 	stick_event: [InputEvent(timestamp=1698885216.292566, direction='up', action='pressed')]
2023-11-02 00:33:58,288 start up: STARTING
2023-11-02 00:33:59,452 file_iteration: 13 	Sensor_data(t,p,h): 24.826621063232423, 964.881103515625, 25.533798217773438 	loop_iteration: 0 	stick_event: list index out of range
2023-11-02 00:34:00,497 file_iteration: 14 	Sensor_data(t,p,h): 24.90066815185547, 964.8603515625, 25.764150619506836 	loop_iteration: 1 	stick_event: list index out of range
2023-11-02 00:34:01,519 file_iteration: 15 	Sensor_data(t,p,h): 24.86364651489258, 964.8740234375, 24.80227279663086 	loop_iteration: 2 	stick_event: list index out of range
2023-11-02 00:34:02,537 file_iteration: 16 	Sensor_data(t,p,h): 24.789599426269533, 964.881103515625, 25.63029670715332 	loop_iteration: 3 	stick_event: list index out of range
2023-11-02 00:34:03,555 file_iteration: 17 	Sensor_data(t,p,h): 24.752573974609376, 964.88623046875, 25.972713470458984 	loop_iteration: 4 	stick_event: list index out of range
2023-11-02 00:34:04,575 file_iteration: 18 	Sensor_data(t,p,h): 24.62299252319336, 964.890869140625, 26.40851402282715 	loop_iteration: 5 	stick_event: list index out of range
2023-11-02 00:34:05,619 file_iteration: 19 	Sensor_data(t,p,h): 24.604483612060548, 964.88427734375, 26.17193603515625 	loop_iteration: 6 	stick_event: list index out of range
2023-11-02 00:34:06,641 file_iteration: 20 	Sensor_data(t,p,h): 24.62299252319336, 964.884033203125, 26.819414138793945 	loop_iteration: 7 	stick_event: list index out of range
2023-11-02 00:34:16,583 file_iteration: 21 	Sensor_data(t,p,h): 24.67852688598633, 964.888427734375, 25.269203186035156 	loop_iteration: 8 	stick_event: [InputEvent(timestamp=1698885247.111772, direction='up', action='pressed'), InputEvent(timestamp=1698885247.272353, direction='up', action='released')]
2023-11-02 00:34:17,631 file_iteration: 22 	Sensor_data(t,p,h): 24.62299252319336, 964.88037109375, 25.9571475982666 	loop_iteration: 9 	stick_event: list index out of range
2023-11-02 00:34:18,669 file_iteration: 23 	Sensor_data(t,p,h): 24.715552337646486, 964.868408203125, 26.34625816345215 	loop_iteration: 10 	stick_event: list index out of range
2023-11-02 00:34:19,707 file_iteration: 24 	Sensor_data(t,p,h): 24.697039611816408, 964.876708984375, 25.994503021240234 	loop_iteration: 11 	stick_event: list index out of range
2023-11-02 00:34:20,758 file_iteration: 25 	Sensor_data(t,p,h): 24.789599426269533, 964.8720703125, 26.050535202026367 	loop_iteration: 12 	stick_event: list index out of range
2023-11-02 00:34:21,795 file_iteration: 26 	Sensor_data(t,p,h): 24.789599426269533, 964.8720703125, 26.259096145629883 	loop_iteration: 13 	stick_event: list index out of range
2023-11-02 00:34:22,846 file_iteration: 27 	Sensor_data(t,p,h): 24.752573974609376, 964.847900390625, 25.86376190185547 	loop_iteration: 14 	stick_event: list index out of range
2023-11-02 00:34:23,873 file_iteration: 28 	Sensor_data(t,p,h): 24.80811215209961, 964.857666015625, 25.89177703857422 	loop_iteration: 15 	stick_event: list index out of range
2023-11-02 00:34:24,912 file_iteration: 29 	Sensor_data(t,p,h): 24.697039611816408, 964.863525390625, 25.997615814208984 	loop_iteration: 16 	stick_event: list index out of range
2023-11-02 00:34:25,933 file_iteration: 30 	Sensor_data(t,p,h): 24.771086700439454, 964.866943359375, 26.034969329833984 	loop_iteration: 17 	stick_event: list index out of range
2023-11-02 00:34:26,952 file_iteration: 31 	Sensor_data(t,p,h): 24.660017974853517, 964.87158203125, 26.38983726501465 	loop_iteration: 18 	stick_event: list index out of range
2023-11-02 00:34:27,970 file_iteration: 32 	Sensor_data(t,p,h): 24.660017974853517, 964.87158203125, 25.84197235107422 	loop_iteration: 19 	stick_event: list index out of range
2023-11-02 00:34:28,991 file_iteration: 33 	Sensor_data(t,p,h): 24.80811215209961, 964.8447265625, 24.939239501953125 	loop_iteration: 20 	stick_event: list index out of range
2023-11-02 00:34:30,029 file_iteration: 34 	Sensor_data(t,p,h): 24.64150524902344, 964.869384765625, 25.84508514404297 	loop_iteration: 21 	stick_event: list index out of range
2023-11-02 00:34:31,059 file_iteration: 35 	Sensor_data(t,p,h): 24.752573974609376, 964.895263671875, 25.997615814208984 	loop_iteration: 22 	stick_event: list index out of range
2023-11-02 00:34:36,627 start up: STARTING
2023-11-02 00:34:37,808 file_iteration: 36 	Sensor_data(t,p,h): 25.091483612060543, 964.886474609375, 25.670764923095703 	loop_iteration: 0 	stick_event: list index out of range
2023-11-02 00:34:38,831 file_iteration: 38 	Sensor_data(t,p,h): 25.184039611816402, 964.89990234375, 25.60539436340332 	loop_iteration: 1 	stick_event: list index out of range
2023-11-02 00:34:39,853 file_iteration: 40 	Sensor_data(t,p,h): 25.184039611816402, 964.87939453125, 25.63963508605957 	loop_iteration: 2 	stick_event: list index out of range
2023-11-02 00:34:40,878 file_iteration: 42 	Sensor_data(t,p,h): 25.276599426269527, 964.87744140625, 25.65208625793457 	loop_iteration: 3 	stick_event: list index out of range
2023-11-02 00:34:41,909 file_iteration: 44 	Sensor_data(t,p,h): 25.22106506347656, 964.857421875, 25.9509220123291 	loop_iteration: 4 	stick_event: list index out of range
2023-11-02 00:34:56,569 file_iteration: 46 	Sensor_data(t,p,h): 25.14701797485351, 964.848388671875, 24.55013084411621 	loop_iteration: 5 	stick_event: [InputEvent(timestamp=1698885282.351175, direction='down', action='pressed'), InputEvent(timestamp=1698885282.438193, direction='down', action='released')]
2023-11-02 00:34:57,592 file_iteration: 48 	Sensor_data(t,p,h): 25.072970886230465, 964.869873046875, 24.78048324584961 	loop_iteration: 6 	stick_event: list index out of range
2023-11-02 00:34:58,613 file_iteration: 50 	Sensor_data(t,p,h): 25.128505249023434, 964.880615234375, 25.546249389648438 	loop_iteration: 7 	stick_event: list index out of range
2023-11-02 00:34:59,633 file_iteration: 52 	Sensor_data(t,p,h): 25.072970886230465, 964.873291015625, 25.62095832824707 	loop_iteration: 8 	stick_event: list index out of range
2023-11-02 00:35:00,652 file_iteration: 54 	Sensor_data(t,p,h): 25.14701797485351, 964.8505859375, 25.290992736816406 	loop_iteration: 9 	stick_event: list index out of range
2023-11-02 00:35:01,687 file_iteration: 56 	Sensor_data(t,p,h): 25.184039611816402, 964.87158203125, 25.499555587768555 	loop_iteration: 10 	stick_event: list index out of range
2023-11-02 00:35:02,709 file_iteration: 58 	Sensor_data(t,p,h): 25.20255233764648, 964.858642578125, 24.708887100219727 	loop_iteration: 11 	stick_event: list index out of range
2023-11-02 00:36:27,402 start up: STARTING
2023-11-02 00:36:28,563 file_iteration: 60 	Sensor_data(t,p,h): 23.76006506347656, 964.8583984375, 25.421733856201172 	loop_iteration: 0 	stick_event: list index out of range
2023-11-02 00:36:29,582 file_iteration: 60 	Sensor_data(t,p,h): 23.76006506347656, 964.851806640625, 25.91668128967285 	loop_iteration: 1 	stick_event: list index out of range
2023-11-02 00:36:30,599 file_iteration: 60 	Sensor_data(t,p,h): 23.630483612060544, 964.90576171875, 25.272315979003906 	loop_iteration: 2 	stick_event: list index out of range
2023-11-02 00:36:31,615 file_iteration: 60 	Sensor_data(t,p,h): 23.741552337646482, 964.87451171875, 25.521347045898438 	loop_iteration: 3 	stick_event: list index out of range
2023-11-02 00:36:32,653 file_iteration: 60 	Sensor_data(t,p,h): 23.778573974609372, 964.90869140625, 25.200719833374023 	loop_iteration: 4 	stick_event: list index out of range
2023-11-02 00:36:33,671 file_iteration: 60 	Sensor_data(t,p,h): 23.76006506347656, 964.916748046875, 25.574264526367188 	loop_iteration: 5 	stick_event: list index out of range
2023-11-02 00:36:43,547 file_iteration: 60 	Sensor_data(t,p,h): 23.723039611816404, 964.852294921875, 25.739246368408203 	loop_iteration: 6 	stick_event: [InputEvent(timestamp=1698885394.096958, direction='up', action='pressed'), InputEvent(timestamp=1698885394.242065, direction='up', action='released')]
2023-11-02 00:36:44,588 file_iteration: 60 	Sensor_data(t,p,h): 23.723039611816404, 964.84521484375, 25.266090393066406 	loop_iteration: 7 	stick_event: list index out of range
2023-11-02 00:36:45,606 file_iteration: 60 	Sensor_data(t,p,h): 23.741552337646482, 964.851318359375, 25.33146095275879 	loop_iteration: 8 	stick_event: list index out of range
2023-11-02 00:36:46,623 file_iteration: 60 	Sensor_data(t,p,h): 23.79708670043945, 964.84521484375, 25.455976486206055 	loop_iteration: 9 	stick_event: list index out of range
2023-11-02 00:36:47,640 file_iteration: 60 	Sensor_data(t,p,h): 23.81559942626953, 964.82373046875, 25.30967140197754 	loop_iteration: 10 	stick_event: list index out of range
2023-11-02 00:36:48,657 file_iteration: 60 	Sensor_data(t,p,h): 23.741552337646482, 964.8447265625, 25.384380340576172 	loop_iteration: 11 	stick_event: list index out of range
2023-11-02 00:36:49,697 file_iteration: 60 	Sensor_data(t,p,h): 23.723039611816404, 964.84814453125, 25.34391212463379 	loop_iteration: 12 	stick_event: list index out of range
2023-11-02 00:36:50,718 file_iteration: 60 	Sensor_data(t,p,h): 23.741552337646482, 964.842529296875, 25.496442794799805 	loop_iteration: 13 	stick_event: list index out of range
2023-11-02 00:36:51,735 file_iteration: 60 	Sensor_data(t,p,h): 23.648992523193357, 964.855224609375, 25.449750900268555 	loop_iteration: 14 	stick_event: list index out of range
2023-11-02 00:36:52,753 file_iteration: 60 	Sensor_data(t,p,h): 23.723039611816404, 964.867431640625, 25.216283798217773 	loop_iteration: 15 	stick_event: list index out of range
2023-11-02 00:36:53,770 file_iteration: 60 	Sensor_data(t,p,h): 23.667505249023435, 964.845703125, 25.462202072143555 	loop_iteration: 16 	stick_event: list index out of range
2023-11-02 00:36:54,804 file_iteration: 60 	Sensor_data(t,p,h): 23.667505249023435, 964.84716796875, 25.521347045898438 	loop_iteration: 17 	stick_event: list index out of range
2023-11-02 00:36:55,824 file_iteration: 60 	Sensor_data(t,p,h): 23.611970886230466, 964.86083984375, 25.35325050354004 	loop_iteration: 18 	stick_event: list index out of range
2023-11-02 00:36:56,841 file_iteration: 60 	Sensor_data(t,p,h): 23.76006506347656, 964.8701171875, 25.406169891357422 	loop_iteration: 19 	stick_event: list index out of range
2023-11-02 00:36:57,859 file_iteration: 60 	Sensor_data(t,p,h): 23.76006506347656, 964.884033203125, 25.144689559936523 	loop_iteration: 20 	stick_event: list index out of range
2023-11-02 00:36:58,876 file_iteration: 60 	Sensor_data(t,p,h): 23.76006506347656, 964.91015625, 25.178930282592773 	loop_iteration: 21 	stick_event: list index out of range
2023-11-02 00:36:59,895 file_iteration: 60 	Sensor_data(t,p,h): 23.778573974609372, 964.8984375, 25.216283798217773 	loop_iteration: 22 	stick_event: list index out of range
2023-11-02 00:37:00,913 file_iteration: 60 	Sensor_data(t,p,h): 23.723039611816404, 964.869873046875, 25.378154754638672 	loop_iteration: 23 	stick_event: list index out of range
2023-11-02 00:37:01,930 file_iteration: 60 	Sensor_data(t,p,h): 23.611970886230466, 964.86962890625, 24.858304977416992 	loop_iteration: 24 	stick_event: list index out of range
2023-11-02 00:37:02,948 file_iteration: 60 	Sensor_data(t,p,h): 23.611970886230466, 964.844970703125, 25.35325050354004 	loop_iteration: 25 	stick_event: list index out of range
2023-11-02 00:37:03,967 file_iteration: 60 	Sensor_data(t,p,h): 23.630483612060544, 964.8740234375, 25.446638107299805 	loop_iteration: 26 	stick_event: list index out of range
2023-11-02 00:37:04,985 file_iteration: 60 	Sensor_data(t,p,h): 23.667505249023435, 964.885009765625, 25.390605926513672 	loop_iteration: 27 	stick_event: list index out of range
2023-11-02 00:37:06,002 file_iteration: 60 	Sensor_data(t,p,h): 23.686017974853513, 964.8759765625, 25.256752014160156 	loop_iteration: 28 	stick_event: list index out of range
2023-11-02 00:37:07,019 file_iteration: 60 	Sensor_data(t,p,h): 23.667505249023435, 964.860595703125, 25.371929168701172 	loop_iteration: 29 	stick_event: list index out of range
2023-11-02 00:37:08,036 file_iteration: 60 	Sensor_data(t,p,h): 23.556436523437497, 964.845947265625, 25.480878829956055 	loop_iteration: 30 	stick_event: list index out of range
2023-11-02 00:37:09,052 file_iteration: 60 	Sensor_data(t,p,h): 23.686017974853513, 964.8642578125, 25.31278419494629 	loop_iteration: 31 	stick_event: list index out of range
2023-11-02 00:37:10,069 file_iteration: 60 	Sensor_data(t,p,h): 23.648992523193357, 964.855224609375, 25.234962463378906 	loop_iteration: 32 	stick_event: list index out of range
2023-11-02 00:37:11,087 file_iteration: 60 	Sensor_data(t,p,h): 23.593458160400388, 964.86474609375, 25.471540451049805 	loop_iteration: 33 	stick_event: list index out of range
2023-11-02 00:37:12,103 file_iteration: 60 	Sensor_data(t,p,h): 23.81559942626953, 964.85595703125, 25.455976486206055 	loop_iteration: 34 	stick_event: list index out of range
2023-11-02 00:37:13,120 file_iteration: 60 	Sensor_data(t,p,h): 23.76006506347656, 964.83642578125, 25.32212257385254 	loop_iteration: 35 	stick_event: list index out of range
2023-11-02 00:37:14,137 file_iteration: 60 	Sensor_data(t,p,h): 23.871133789062497, 964.825927734375, 25.32523536682129 	loop_iteration: 36 	stick_event: list index out of range
2023-11-02 00:37:15,154 file_iteration: 60 	Sensor_data(t,p,h): 23.723039611816404, 964.789794921875, 25.487104415893555 	loop_iteration: 37 	stick_event: list index out of range
2023-11-02 00:37:16,176 file_iteration: 60 	Sensor_data(t,p,h): 23.834112152099607, 964.787109375, 25.35636329650879 	loop_iteration: 38 	stick_event: list index out of range
2023-11-02 00:37:17,195 file_iteration: 60 	Sensor_data(t,p,h): 23.778573974609372, 964.79638671875, 25.30655860900879 	loop_iteration: 39 	stick_event: list index out of range
2023-11-02 00:37:18,214 file_iteration: 60 	Sensor_data(t,p,h): 23.741552337646482, 964.775146484375, 25.216283798217773 	loop_iteration: 40 	stick_event: list index out of range
2023-11-02 00:37:19,231 file_iteration: 60 	Sensor_data(t,p,h): 23.686017974853513, 964.76953125, 25.029512405395508 	loop_iteration: 41 	stick_event: list index out of range
2023-11-02 00:37:20,248 file_iteration: 60 	Sensor_data(t,p,h): 23.81559942626953, 964.7861328125, 25.275428771972656 	loop_iteration: 42 	stick_event: list index out of range
2023-11-02 00:37:21,265 file_iteration: 60 	Sensor_data(t,p,h): 23.778573974609372, 964.783203125, 24.60304832458496 	loop_iteration: 43 	stick_event: list index out of range
2023-11-02 00:37:22,282 file_iteration: 60 	Sensor_data(t,p,h): 23.871133789062497, 964.800048828125, 25.471540451049805 	loop_iteration: 44 	stick_event: list index out of range
2023-11-02 00:37:23,300 file_iteration: 60 	Sensor_data(t,p,h): 23.79708670043945, 964.810791015625, 26.626415252685547 	loop_iteration: 45 	stick_event: list index out of range
2023-11-02 00:37:24,317 file_iteration: 60 	Sensor_data(t,p,h): 23.85262106323242, 964.816162109375, 25.505781173706055 	loop_iteration: 46 	stick_event: list index out of range
2023-11-02 00:37:25,334 file_iteration: 60 	Sensor_data(t,p,h): 23.834112152099607, 964.791259765625, 24.444292068481445 	loop_iteration: 47 	stick_event: list index out of range
2023-11-02 00:37:26,352 file_iteration: 60 	Sensor_data(t,p,h): 23.926668151855466, 964.780029296875, 25.200719833374023 	loop_iteration: 48 	stick_event: list index out of range
2023-11-02 00:37:27,370 file_iteration: 60 	Sensor_data(t,p,h): 23.889646514892576, 964.79150390625, 25.449750900268555 	loop_iteration: 49 	stick_event: list index out of range
2023-11-02 00:37:28,387 file_iteration: 60 	Sensor_data(t,p,h): 23.85262106323242, 964.77880859375, 25.34079933166504 	loop_iteration: 50 	stick_event: list index out of range
2023-11-02 00:37:29,404 file_iteration: 60 	Sensor_data(t,p,h): 23.834112152099607, 964.798583984375, 25.266090393066406 	loop_iteration: 51 	stick_event: list index out of range
2023-11-02 00:37:30,421 file_iteration: 60 	Sensor_data(t,p,h): 23.85262106323242, 964.8046875, 25.34391212463379 	loop_iteration: 52 	stick_event: list index out of range
2023-11-02 00:37:31,438 file_iteration: 60 	Sensor_data(t,p,h): 23.778573974609372, 964.820556640625, 25.36258888244629 	loop_iteration: 53 	stick_event: list index out of range
2023-11-02 00:37:32,455 file_iteration: 60 	Sensor_data(t,p,h): 23.889646514892576, 964.79736328125, 25.34391212463379 	loop_iteration: 54 	stick_event: list index out of range
2023-11-02 00:37:33,472 file_iteration: 60 	Sensor_data(t,p,h): 23.889646514892576, 964.796630859375, 25.09799575805664 	loop_iteration: 55 	stick_event: list index out of range
2023-11-02 00:37:34,489 file_iteration: 60 	Sensor_data(t,p,h): 23.945180877685544, 964.79541015625, 25.36570167541504 	loop_iteration: 56 	stick_event: list index out of range
2023-11-02 00:37:35,507 file_iteration: 60 	Sensor_data(t,p,h): 23.871133789062497, 964.818115234375, 25.440410614013672 	loop_iteration: 57 	stick_event: list index out of range
2023-11-02 00:37:36,524 file_iteration: 60 	Sensor_data(t,p,h): 23.85262106323242, 964.824951171875, 25.692554473876953 	loop_iteration: 58 	stick_event: list index out of range
2023-11-02 00:37:37,541 file_iteration: 60 	Sensor_data(t,p,h): 23.908159240722654, 964.816650390625, 25.390605926513672 	loop_iteration: 59 	stick_event: list index out of range
2023-11-02 00:37:38,558 file_iteration: 60 	Sensor_data(t,p,h): 23.85262106323242, 964.822509765625, 25.35636329650879 	loop_iteration: 60 	stick_event: list index out of range
2023-11-02 00:37:39,575 file_iteration: 60 	Sensor_data(t,p,h): 23.778573974609372, 964.81982421875, 25.36570167541504 	loop_iteration: 61 	stick_event: list index out of range
2023-11-02 00:37:40,593 file_iteration: 60 	Sensor_data(t,p,h): 23.889646514892576, 964.838623046875, 25.62407112121582 	loop_iteration: 62 	stick_event: list index out of range
2023-11-02 00:37:41,620 file_iteration: 60 	Sensor_data(t,p,h): 23.778573974609372, 964.802734375, 25.59916877746582 	loop_iteration: 63 	stick_event: list index out of range
2023-11-02 00:37:42,640 file_iteration: 60 	Sensor_data(t,p,h): 23.834112152099607, 964.800537109375, 25.580490112304688 	loop_iteration: 64 	stick_event: list index out of range
2023-11-02 00:37:43,657 file_iteration: 60 	Sensor_data(t,p,h): 23.81559942626953, 964.787109375, 25.234962463378906 	loop_iteration: 65 	stick_event: list index out of range
2023-11-02 00:37:44,677 file_iteration: 60 	Sensor_data(t,p,h): 23.871133789062497, 964.80517578125, 25.62718391418457 	loop_iteration: 66 	stick_event: list index out of range
2023-11-02 00:37:45,699 file_iteration: 60 	Sensor_data(t,p,h): 23.889646514892576, 964.79833984375, 25.493330001831055 	loop_iteration: 67 	stick_event: list index out of range
2023-11-02 00:37:46,728 file_iteration: 60 	Sensor_data(t,p,h): 23.871133789062497, 964.812255859375, 25.471540451049805 	loop_iteration: 68 	stick_event: list index out of range
2023-11-02 00:37:47,749 file_iteration: 60 	Sensor_data(t,p,h): 23.945180877685544, 964.807373046875, 25.561813354492188 	loop_iteration: 69 	stick_event: list index out of range
2023-11-02 00:37:48,766 file_iteration: 60 	Sensor_data(t,p,h): 23.889646514892576, 964.79638671875, 25.290992736816406 	loop_iteration: 70 	stick_event: list index out of range
2023-11-02 00:37:58,701 file_iteration: 60 	Sensor_data(t,p,h): 23.76006506347656, 964.79931640625, 25.393718719482422 	loop_iteration: 71 	stick_event: [InputEvent(timestamp=1698885468.955474, direction='up', action='pressed'), InputEvent(timestamp=1698885469.114927, direction='up', action='released')]
2023-11-02 00:37:59,737 file_iteration: 60 	Sensor_data(t,p,h): 23.926668151855466, 964.7978515625, 25.403057098388672 	loop_iteration: 72 	stick_event: list index out of range
2023-11-02 00:38:00,756 file_iteration: 60 	Sensor_data(t,p,h): 23.85262106323242, 964.80908203125, 25.512006759643555 	loop_iteration: 73 	stick_event: list index out of range
2023-11-02 00:38:01,774 file_iteration: 60 	Sensor_data(t,p,h): 23.908159240722654, 964.793212890625, 25.403057098388672 	loop_iteration: 74 	stick_event: list index out of range
2023-11-02 00:38:02,791 file_iteration: 60 	Sensor_data(t,p,h): 23.926668151855466, 964.79443359375, 26.800737380981445 	loop_iteration: 75 	stick_event: list index out of range
2023-11-02 00:38:03,808 file_iteration: 60 	Sensor_data(t,p,h): 23.963693603515622, 964.763916015625, 25.60539436340332 	loop_iteration: 76 	stick_event: list index out of range
2023-11-02 00:38:04,838 file_iteration: 60 	Sensor_data(t,p,h): 23.908159240722654, 964.805419921875, 26.268434524536133 	loop_iteration: 77 	stick_event: list index out of range
2023-11-02 00:38:05,856 file_iteration: 60 	Sensor_data(t,p,h): 24.01922796630859, 964.818359375, 25.543136596679688 	loop_iteration: 78 	stick_event: list index out of range
2023-11-02 00:38:06,876 file_iteration: 60 	Sensor_data(t,p,h): 23.963693603515622, 964.79541015625, 25.387493133544922 	loop_iteration: 79 	stick_event: list index out of range
2023-11-02 00:38:07,894 file_iteration: 60 	Sensor_data(t,p,h): 24.03774069213867, 964.779541015625, 25.269203186035156 	loop_iteration: 80 	stick_event: list index out of range
2023-11-02 00:38:08,911 file_iteration: 60 	Sensor_data(t,p,h): 23.889646514892576, 964.7978515625, 25.368816375732422 	loop_iteration: 81 	stick_event: list index out of range
2023-11-02 00:38:09,929 file_iteration: 60 	Sensor_data(t,p,h): 23.945180877685544, 964.78515625, 25.736133575439453 	loop_iteration: 82 	stick_event: list index out of range
2023-11-02 00:38:10,946 file_iteration: 60 	Sensor_data(t,p,h): 24.01922796630859, 964.768310546875, 25.449750900268555 	loop_iteration: 83 	stick_event: list index out of range
2023-11-02 00:38:11,963 file_iteration: 60 	Sensor_data(t,p,h): 24.01922796630859, 964.748046875, 25.530685424804688 	loop_iteration: 84 	stick_event: list index out of range
2023-11-02 00:38:12,980 file_iteration: 60 	Sensor_data(t,p,h): 23.963693603515622, 964.783447265625, 25.399944305419922 	loop_iteration: 85 	stick_event: list index out of range
2023-11-02 00:38:13,997 file_iteration: 60 	Sensor_data(t,p,h): 23.963693603515622, 964.78515625, 25.455976486206055 	loop_iteration: 86 	stick_event: list index out of range
2023-11-02 00:38:15,014 file_iteration: 60 	Sensor_data(t,p,h): 24.093275054931638, 964.79931640625, 25.34391212463379 	loop_iteration: 87 	stick_event: list index out of range
2023-11-02 00:38:16,032 file_iteration: 60 	Sensor_data(t,p,h): 24.000715240478513, 964.797607421875, 25.540023803710938 	loop_iteration: 88 	stick_event: list index out of range
2023-11-02 00:38:17,054 file_iteration: 60 	Sensor_data(t,p,h): 23.963693603515622, 964.775634765625, 25.399944305419922 	loop_iteration: 89 	stick_event: list index out of range
2023-11-02 00:38:18,072 file_iteration: 60 	Sensor_data(t,p,h): 24.000715240478513, 964.740966796875, 25.12289810180664 	loop_iteration: 90 	stick_event: list index out of range
2023-11-02 00:38:19,091 file_iteration: 60 	Sensor_data(t,p,h): 24.056253417968747, 964.748291015625, 25.35947608947754 	loop_iteration: 91 	stick_event: list index out of range
2023-11-02 00:38:20,107 file_iteration: 60 	Sensor_data(t,p,h): 24.01922796630859, 964.768798828125, 25.023286819458008 	loop_iteration: 92 	stick_event: list index out of range
2023-11-02 00:38:21,127 file_iteration: 60 	Sensor_data(t,p,h): 24.01922796630859, 964.787353515625, 25.415508270263672 	loop_iteration: 93 	stick_event: list index out of range
2023-11-02 00:38:22,147 file_iteration: 60 	Sensor_data(t,p,h): 24.111787780761716, 964.775634765625, 25.496442794799805 	loop_iteration: 94 	stick_event: list index out of range
2023-11-02 00:38:23,165 file_iteration: 60 	Sensor_data(t,p,h): 24.093275054931638, 964.798095703125, 25.452863693237305 	loop_iteration: 95 	stick_event: list index out of range
2023-11-02 00:38:24,182 file_iteration: 60 	Sensor_data(t,p,h): 24.056253417968747, 964.77734375, 25.502668380737305 	loop_iteration: 96 	stick_event: list index out of range
2023-11-02 00:38:25,198 file_iteration: 60 	Sensor_data(t,p,h): 23.945180877685544, 964.77001953125, 25.250526428222656 	loop_iteration: 97 	stick_event: list index out of range
2023-11-02 00:38:26,216 file_iteration: 60 	Sensor_data(t,p,h): 24.03774069213867, 964.806396484375, 25.247413635253906 	loop_iteration: 98 	stick_event: list index out of range
2023-11-02 00:38:27,232 file_iteration: 60 	Sensor_data(t,p,h): 23.945180877685544, 964.767578125, 25.60228157043457 	loop_iteration: 99 	stick_event: list index out of range
2023-11-02 00:38:28,249 file_iteration: 60 	Sensor_data(t,p,h): 24.111787780761716, 964.7685546875, 25.462202072143555 	loop_iteration: 100 	stick_event: list index out of range
2023-11-02 00:38:29,266 file_iteration: 60 	Sensor_data(t,p,h): 23.963693603515622, 964.7666015625, 25.63963508605957 	loop_iteration: 101 	stick_event: list index out of range
2023-11-02 00:38:30,282 file_iteration: 60 	Sensor_data(t,p,h): 23.963693603515622, 964.779296875, 25.558700561523438 	loop_iteration: 102 	stick_event: list index out of range
2023-11-02 00:38:31,299 file_iteration: 60 	Sensor_data(t,p,h): 24.01922796630859, 964.804443359375, 25.543136596679688 	loop_iteration: 103 	stick_event: list index out of range
2023-11-02 00:38:32,316 file_iteration: 60 	Sensor_data(t,p,h): 23.9822063293457, 964.793701171875, 25.87621307373047 	loop_iteration: 104 	stick_event: list index out of range
2023-11-02 00:38:33,333 file_iteration: 60 	Sensor_data(t,p,h): 24.093275054931638, 964.800048828125, 25.35325050354004 	loop_iteration: 105 	stick_event: list index out of range
2023-11-02 00:38:34,349 file_iteration: 60 	Sensor_data(t,p,h): 23.945180877685544, 964.755615234375, 25.683216094970703 	loop_iteration: 106 	stick_event: list index out of range
2023-11-02 00:38:35,366 file_iteration: 60 	Sensor_data(t,p,h): 24.111787780761716, 964.771240234375, 25.443525314331055 	loop_iteration: 107 	stick_event: list index out of range
2023-11-02 00:38:36,383 file_iteration: 60 	Sensor_data(t,p,h): 24.01922796630859, 964.7822265625, 25.59605598449707 	loop_iteration: 108 	stick_event: list index out of range
2023-11-02 00:38:37,401 file_iteration: 60 	Sensor_data(t,p,h): 23.963693603515622, 964.772705078125, 25.396831512451172 	loop_iteration: 109 	stick_event: list index out of range
2023-11-02 00:38:38,418 file_iteration: 60 	Sensor_data(t,p,h): 24.111787780761716, 964.75439453125, 25.375041961669922 	loop_iteration: 110 	stick_event: list index out of range
2023-11-02 00:38:39,435 file_iteration: 60 	Sensor_data(t,p,h): 24.03774069213867, 964.7607421875, 25.403057098388672 	loop_iteration: 111 	stick_event: list index out of range
2023-11-02 00:38:40,451 file_iteration: 60 	Sensor_data(t,p,h): 24.056253417968747, 964.773193359375, 25.440410614013672 	loop_iteration: 112 	stick_event: list index out of range
2023-11-02 00:38:41,473 file_iteration: 60 	Sensor_data(t,p,h): 24.13029669189453, 964.75732421875, 24.220165252685547 	loop_iteration: 113 	stick_event: list index out of range
2023-11-07 00:55:24,503 start up: STARTING
2023-11-07 00:55:25,674 file_iteration: 61 	Sensor_data(t,p,h): 18, 1013, 45 	loop_iteration: 0 	stick_event: list index out of range
2023-11-07 00:55:26,691 file_iteration: 61 	Sensor_data(t,p,h): 24.133150970458985, 1006.228271484375, 29.284809112548828 	loop_iteration: 1 	stick_event: list index out of range
2023-11-07 00:55:27,708 file_iteration: 61 	Sensor_data(t,p,h): 24.096129333496094, 1006.198486328125, 28.7867488861084 	loop_iteration: 2 	stick_event: list index out of range
2023-11-07 00:55:28,725 file_iteration: 61 	Sensor_data(t,p,h): 24.17017642211914, 1006.209228515625, 29.213212966918945 	loop_iteration: 3 	stick_event: list index out of range
2023-11-07 00:55:38,319 file_iteration: 61 	Sensor_data(t,p,h): 23.89250079345703, 1006.22705078125, 29.845125198364258 	loop_iteration: 4 	stick_event: [InputEvent(timestamp=1699318529.231634, direction='up', action='pressed'), InputEvent(timestamp=1699318529.391005, direction='up', action='released')]
2023-11-07 00:55:39,340 file_iteration: 61 	Sensor_data(t,p,h): 24.022082244873047, 1006.213623046875, 29.297260284423828 	loop_iteration: 5 	stick_event: list index out of range
2023-11-07 00:55:40,359 file_iteration: 61 	Sensor_data(t,p,h): 24.022082244873047, 1006.207275390625, 29.38753318786621 	loop_iteration: 6 	stick_event: list index out of range
2023-11-07 00:55:55,371 file_iteration: 61 	Sensor_data(t,p,h): 24.151663696289063, 1006.2109375, 29.266130447387695 	loop_iteration: 7 	stick_event: [InputEvent(timestamp=1699318541.203564, direction='down', action='pressed'), InputEvent(timestamp=1699318541.333984, direction='down', action='released')]
2023-11-07 00:55:56,390 file_iteration: 61 	Sensor_data(t,p,h): 23.94803515625, 1006.21142578125, 29.38753318786621 	loop_iteration: 8 	stick_event: list index out of range
2023-11-07 00:55:57,409 file_iteration: 61 	Sensor_data(t,p,h): 24.059103881835938, 1006.206298828125, 27.890241622924805 	loop_iteration: 9 	stick_event: list index out of range
2023-11-07 00:55:58,426 file_iteration: 61 	Sensor_data(t,p,h): 24.00356951904297, 1006.245361328125, 29.263017654418945 	loop_iteration: 10 	stick_event: list index out of range
2023-11-07 00:55:59,443 file_iteration: 61 	Sensor_data(t,p,h): 24.00356951904297, 1006.221435546875, 30.42723274230957 	loop_iteration: 11 	stick_event: list index out of range
2023-11-07 00:56:00,459 file_iteration: 61 	Sensor_data(t,p,h): 24.059103881835938, 1006.17724609375, 29.141616821289062 	loop_iteration: 12 	stick_event: list index out of range
2023-11-07 00:56:01,479 file_iteration: 61 	Sensor_data(t,p,h): 24.00356951904297, 1006.212646484375, 28.668458938598633 	loop_iteration: 13 	stick_event: list index out of range
2023-11-07 00:56:02,497 file_iteration: 61 	Sensor_data(t,p,h): 24.00356951904297, 1006.23681640625, 29.225664138793945 	loop_iteration: 14 	stick_event: list index out of range
2023-11-07 14:59:46,773 start up: STARTING
2023-11-07 14:59:46,780 screen test performed
2023-11-07 14:59:46,809 start up: STARTING
2023-11-07 14:59:46,810 file_iteration: 63 	Sensor_data(t,p,h): -24.96875, 1012.990478515625, 45.203125 	loop_iteration: 0 	stick_event: list index out of range
2023-11-07 14:59:47,824 start up: STARTING
2023-11-07 14:59:47,825 file_iteration: 63 	Sensor_data(t,p,h): -24.96875, 1013.005859375, 45.20703125 	loop_iteration: 1 	stick_event: list index out of range
2023-11-07 14:59:48,839 start up: STARTING
2023-11-07 14:59:48,840 file_iteration: 63 	Sensor_data(t,p,h): -24.984375, 1013.001708984375, 45.0234375 	loop_iteration: 2 	stick_event: list index out of range
2023-11-07 14:59:59,128 start up: STARTING
2023-11-07 14:59:59,130 file_iteration: 63 	Sensor_data(t,p,h): -25.0, 1013.0107421875, 44.7109375 	loop_iteration: 3 	stick_event: [InputEvent(timestamp=1699369189.261628, direction='up', action='pressed'), InputEvent(timestamp=1699369189.337013, direction='up', action='released')]
2023-11-07 15:00:14,661 start up: STARTING
2023-11-07 15:00:14,662 file_iteration: 63 	Sensor_data(t,p,h): -24.96875, 1012.998046875, 44.98828125 	loop_iteration: 4 	stick_event: [InputEvent(timestamp=1699369199.970713, direction='down', action='pressed'), InputEvent(timestamp=1699369200.073801, direction='down', action='released')]
2023-11-07 15:00:15,676 start up: STARTING
2023-11-07 15:00:15,677 file_iteration: 63 	Sensor_data(t,p,h): -24.984375, 1013.002685546875, 45.13671875 	loop_iteration: 5 	stick_event: list index out of range
2023-11-07 15:00:16,691 start up: STARTING
2023-11-07 15:00:16,692 file_iteration: 63 	Sensor_data(t,p,h): -25.0, 1013.00390625, 44.90234375 	loop_iteration: 6 	stick_event: list index out of range
2023-11-07 15:00:17,707 start up: STARTING
2023-11-07 15:00:17,708 file_iteration: 63 	Sensor_data(t,p,h): -25.0, 1013.003662109375, 45.23046875 	loop_iteration: 7 	stick_event: list index out of range
2023-11-07 15:00:18,729 start up: STARTING
2023-11-07 15:00:18,730 file_iteration: 63 	Sensor_data(t,p,h): -25.0, 1013.00390625, 44.96875 	loop_iteration: 8 	stick_event: list index out of range
2023-11-07 15:42:31,283 start up: STARTING
2023-11-07 15:42:37,122 line 79 seismograph: math domain error
2023-11-07 15:44:58,176 start up: STARTING
2023-11-07 15:45:03,835 line 79 seismograph: math domain error 	time_between_peaks = 0.0
2023-11-07 15:45:30,709 start up: STARTING
2023-11-07 15:47:40,215 start up: STARTING
2023-11-07 15:47:46,014 line 79 seismograph: math domain error 	time_between_peaks = 0.0
2023-11-07 15:48:20,173 start up: STARTING
2023-11-07 15:48:25,915 line 79 seismograph: math domain error 	time_between_peaks = 0.0
2023-11-07 15:57:48,783 start up: STARTING
2023-11-07 15:58:10,366 start up: STARTING
2023-11-07 18:11:00,562 line 79 seismograph: math domain error 	time_between_peaks = 0.0
2023-11-07 18:11:25,302 start up: STARTING
2023-11-07 18:11:31,201 line 79 seismograph: math domain error 	time_between_peaks = 0.0
2023-11-07 18:11:58,075 start up: STARTING
2023-11-07 18:12:03,933 line 79 seismograph: math domain error 	time_between_peaks = 0.0
2023-11-07 18:12:51,921 start up: STARTING
2023-11-07 18:12:57,792 line 79 seismograph: math domain error 	time_between_peaks = 0.0
2023-11-13 00:07:21,723 start up: STARTING
2023-11-13 20:56:38,567 start up: STARTING
2023-11-13 20:56:55,528 start up: STARTING
2023-11-13 20:56:55,529 screen test performed
2023-11-13 20:56:55,566 start up: STARTING
2023-11-13 20:56:55,567 file_iteration: 64 	Sensor_data(t,p,h): -24.96875, 1013.01025390625, 45.1171875 	loop_iteration: 0 	stick_event: list index out of range
2023-11-13 20:57:02,747 start up: STARTING
2023-11-13 20:57:02,749 file_iteration: 64 	Sensor_data(t,p,h): -24.984375, 1012.989013671875, 45.10546875 	loop_iteration: 1 	stick_event: list index out of range
2023-11-13 20:57:20,273 start up: STARTING
2023-11-13 20:57:20,275 file_iteration: 64 	Sensor_data(t,p,h): -24.96875, 1013.00537109375, 45.40625 	loop_iteration: 2 	stick_event: [InputEvent(timestamp=1699909020.791654, direction='up', action='pressed'), InputEvent(timestamp=1699909020.912943, direction='up', action='released'), InputEvent(timestamp=1699909023.266457, direction='left', action='pressed'), InputEvent(timestamp=1699909023.339523, direction='left', action='released')]
2023-11-13 20:57:27,024 start up: STARTING
2023-11-13 20:57:27,024 file_iteration: 64 	Sensor_data(t,p,h): -25.03125, 1013.018798828125, 45.17578125 	loop_iteration: 3 	stick_event: list index out of range
